04:29:09:860  INFO 32188 --- [http-nio-8085-exec-1] o.a.c.c.C.[Tomcat].[localhost].[/]       : Initializing Spring DispatcherServlet 'dispatcherServlet'
04:29:09:901  INFO 32188 --- [http-nio-8085-exec-1] o.s.web.servlet.DispatcherServlet        : Initializing Servlet 'dispatcherServlet'
04:29:10:037  INFO 32188 --- [http-nio-8085-exec-1] o.s.web.servlet.DispatcherServlet        : Completed initialization in 135 ms
04:29:10:469  INFO 32188 --- [http-nio-8085-exec-1] io.seata.tm.TransactionManagerHolder     : TransactionManager Singleton io.seata.tm.DefaultTransactionManager@6080f7c4
04:29:12:049  INFO 32188 --- [http-nio-8085-exec-1] i.seata.tm.api.DefaultGlobalTransaction  : Begin new global transaction [192.168.174.136:8099:63606294167322625]
04:29:12:122 DEBUG 32188 --- [http-nio-8085-exec-1] com.hmall.api.client.ItemClient          : [ItemClient#queryItemByIds] ---> GET http://item-service/items?ids=546872 HTTP/1.1
04:29:12:122 DEBUG 32188 --- [http-nio-8085-exec-1] com.hmall.api.client.ItemClient          : [ItemClient#queryItemByIds] userInfo: 1
04:29:12:124 DEBUG 32188 --- [http-nio-8085-exec-1] com.hmall.api.client.ItemClient          : [ItemClient#queryItemByIds] ---> END HTTP (0-byte body)
04:29:13:029  INFO 32188 --- [nacos-grpc-client-executor-4432] com.alibaba.nacos.common.remote.client   : [8ad3db3c-1397-423b-a0f1-9ba1fc0d5c6a] Receive server push request, request = NotifySubscriberRequest, requestId = 294
04:29:13:029  INFO 32188 --- [nacos-grpc-client-executor-4432] com.alibaba.nacos.common.remote.client   : [8ad3db3c-1397-423b-a0f1-9ba1fc0d5c6a] Ack server push request, request = NotifySubscriberRequest, requestId = 294
04:29:13:218 DEBUG 32188 --- [http-nio-8085-exec-1] com.hmall.api.client.ItemClient          : [ItemClient#queryItemByIds] <--- HTTP/1.1 200 (1093ms)
04:29:13:218 DEBUG 32188 --- [http-nio-8085-exec-1] com.hmall.api.client.ItemClient          : [ItemClient#queryItemByIds] connection: keep-alive
04:29:13:219 DEBUG 32188 --- [http-nio-8085-exec-1] com.hmall.api.client.ItemClient          : [ItemClient#queryItemByIds] content-type: application/json
04:29:13:219 DEBUG 32188 --- [http-nio-8085-exec-1] com.hmall.api.client.ItemClient          : [ItemClient#queryItemByIds] date: Thu, 22 Aug 2024 20:29:13 GMT
04:29:13:219 DEBUG 32188 --- [http-nio-8085-exec-1] com.hmall.api.client.ItemClient          : [ItemClient#queryItemByIds] keep-alive: timeout=60
04:29:13:219 DEBUG 32188 --- [http-nio-8085-exec-1] com.hmall.api.client.ItemClient          : [ItemClient#queryItemByIds] transfer-encoding: chunked
04:29:13:219 DEBUG 32188 --- [http-nio-8085-exec-1] com.hmall.api.client.ItemClient          : [ItemClient#queryItemByIds] 
04:29:13:220 DEBUG 32188 --- [http-nio-8085-exec-1] com.hmall.api.client.ItemClient          : [ItemClient#queryItemByIds] [{"id":"546872","name":"博兿（BOYI）拉杆包男23英寸大容量旅行包户外手提休闲拉杆袋 BY09186黑灰色","price":27500,"stock":10000,"image":"https://m.360buyimg.com/mobilecms/s720x720_jfs/t3301/221/3887995271/90563/bf2cadb/57f9fbf4N8e47c225.jpg!q70.jpg.webp","category":"拉杆箱","brand":"博兿","spec":"{\"颜色\": \"黑色\"}","sold":0,"commentCount":0,"isAD":false,"status":1}]
04:29:13:221 DEBUG 32188 --- [http-nio-8085-exec-1] com.hmall.api.client.ItemClient          : [ItemClient#queryItemByIds] <--- END HTTP (404-byte body)
04:29:13:399 DEBUG 32188 --- [http-nio-8085-exec-1] c.hmall.trade.mapper.OrderMapper.insert  : ==>  Preparing: INSERT INTO `order` ( id, total_fee, payment_type, user_id, status ) VALUES ( ?, ?, ?, ?, ? )
04:29:13:934 DEBUG 32188 --- [http-nio-8085-exec-1] c.hmall.trade.mapper.OrderMapper.insert  : ==> Parameters: 1826718288261918721(Long), 55000(Integer), 3(Integer), 1(Long), 1(Integer)
04:29:14:419 DEBUG 32188 --- [http-nio-8085-exec-1] c.hmall.trade.mapper.OrderMapper.insert  : <==    Updates: 1
04:29:14:457 DEBUG 32188 --- [http-nio-8085-exec-1] c.h.t.mapper.OrderDetailMapper.insert    : ==>  Preparing: INSERT INTO order_detail ( order_id, item_id, num, name, spec, price, image ) VALUES ( ?, ?, ?, ?, ?, ?, ? )
04:29:14:459 DEBUG 32188 --- [http-nio-8085-exec-1] c.h.t.mapper.OrderDetailMapper.insert    : ==> Parameters: 1826718288261918721(Long), 546872(Long), 2(Integer), 博兿（BOYI）拉杆包男23英寸大容量旅行包户外手提休闲拉杆袋 BY09186黑灰色(String), {"颜色": "黑色"}(String), 27500(Integer), https://m.360buyimg.com/mobilecms/s720x720_jfs/t3301/221/3887995271/90563/bf2cadb/57f9fbf4N8e47c225.jpg!q70.jpg.webp(String)
04:29:14:555  INFO 32188 --- [http-nio-8085-exec-4] i.seata.tm.api.DefaultGlobalTransaction  : Begin new global transaction [192.168.174.136:8099:63606294167322631]
04:29:14:556 DEBUG 32188 --- [http-nio-8085-exec-4] com.hmall.api.client.ItemClient          : [ItemClient#queryItemByIds] ---> GET http://item-service/items?ids=546872 HTTP/1.1
04:29:14:556 DEBUG 32188 --- [http-nio-8085-exec-4] com.hmall.api.client.ItemClient          : [ItemClient#queryItemByIds] userInfo: 1
04:29:14:556 DEBUG 32188 --- [http-nio-8085-exec-4] com.hmall.api.client.ItemClient          : [ItemClient#queryItemByIds] ---> END HTTP (0-byte body)
04:29:14:586 DEBUG 32188 --- [http-nio-8085-exec-1] com.hmall.api.client.CartClient          : [CartClient#deleteCartItemByIds] ---> DELETE http://cart-service/carts?ids=546872 HTTP/1.1
04:29:14:586 DEBUG 32188 --- [http-nio-8085-exec-1] com.hmall.api.client.CartClient          : [CartClient#deleteCartItemByIds] userInfo: 1
04:29:14:586 DEBUG 32188 --- [http-nio-8085-exec-1] com.hmall.api.client.CartClient          : [CartClient#deleteCartItemByIds] ---> END HTTP (0-byte body)
04:29:15:086 DEBUG 32188 --- [http-nio-8085-exec-4] com.hmall.api.client.ItemClient          : [ItemClient#queryItemByIds] <--- HTTP/1.1 200 (530ms)
04:29:15:087 DEBUG 32188 --- [http-nio-8085-exec-4] com.hmall.api.client.ItemClient          : [ItemClient#queryItemByIds] connection: keep-alive
04:29:15:087 DEBUG 32188 --- [http-nio-8085-exec-4] com.hmall.api.client.ItemClient          : [ItemClient#queryItemByIds] content-type: application/json
04:29:15:087 DEBUG 32188 --- [http-nio-8085-exec-4] com.hmall.api.client.ItemClient          : [ItemClient#queryItemByIds] date: Thu, 22 Aug 2024 20:29:15 GMT
04:29:15:087 DEBUG 32188 --- [http-nio-8085-exec-4] com.hmall.api.client.ItemClient          : [ItemClient#queryItemByIds] keep-alive: timeout=60
04:29:15:087 DEBUG 32188 --- [http-nio-8085-exec-4] com.hmall.api.client.ItemClient          : [ItemClient#queryItemByIds] transfer-encoding: chunked
04:29:15:087 DEBUG 32188 --- [http-nio-8085-exec-4] com.hmall.api.client.ItemClient          : [ItemClient#queryItemByIds] 
04:29:15:088 DEBUG 32188 --- [http-nio-8085-exec-4] com.hmall.api.client.ItemClient          : [ItemClient#queryItemByIds] [{"id":"546872","name":"博兿（BOYI）拉杆包男23英寸大容量旅行包户外手提休闲拉杆袋 BY09186黑灰色","price":27500,"stock":10000,"image":"https://m.360buyimg.com/mobilecms/s720x720_jfs/t3301/221/3887995271/90563/bf2cadb/57f9fbf4N8e47c225.jpg!q70.jpg.webp","category":"拉杆箱","brand":"博兿","spec":"{\"颜色\": \"黑色\"}","sold":0,"commentCount":0,"isAD":false,"status":1}]
04:29:15:088 DEBUG 32188 --- [http-nio-8085-exec-4] com.hmall.api.client.ItemClient          : [ItemClient#queryItemByIds] <--- END HTTP (404-byte body)
04:29:15:092 DEBUG 32188 --- [http-nio-8085-exec-4] c.hmall.trade.mapper.OrderMapper.insert  : ==>  Preparing: INSERT INTO `order` ( id, total_fee, payment_type, user_id, status ) VALUES ( ?, ?, ?, ?, ? )
04:29:15:093 DEBUG 32188 --- [http-nio-8085-exec-4] c.hmall.trade.mapper.OrderMapper.insert  : ==> Parameters: 1826718295501287426(Long), 55000(Integer), 3(Integer), 1(Long), 1(Integer)
04:29:15:126  INFO 32188 --- [nacos-grpc-client-executor-4435] com.alibaba.nacos.common.remote.client   : [8ad3db3c-1397-423b-a0f1-9ba1fc0d5c6a] Receive server push request, request = NotifySubscriberRequest, requestId = 295
04:29:15:126  INFO 32188 --- [nacos-grpc-client-executor-4435] com.alibaba.nacos.common.remote.client   : [8ad3db3c-1397-423b-a0f1-9ba1fc0d5c6a] Ack server push request, request = NotifySubscriberRequest, requestId = 295
04:29:15:159 DEBUG 32188 --- [http-nio-8085-exec-4] c.hmall.trade.mapper.OrderMapper.insert  : <==    Updates: 1
04:29:15:162 DEBUG 32188 --- [http-nio-8085-exec-4] c.h.t.mapper.OrderDetailMapper.insert    : ==>  Preparing: INSERT INTO order_detail ( order_id, item_id, num, name, spec, price, image ) VALUES ( ?, ?, ?, ?, ?, ?, ? )
04:29:15:162 DEBUG 32188 --- [http-nio-8085-exec-4] c.h.t.mapper.OrderDetailMapper.insert    : ==> Parameters: 1826718295501287426(Long), 546872(Long), 2(Integer), 博兿（BOYI）拉杆包男23英寸大容量旅行包户外手提休闲拉杆袋 BY09186黑灰色(String), {"颜色": "黑色"}(String), 27500(Integer), https://m.360buyimg.com/mobilecms/s720x720_jfs/t3301/221/3887995271/90563/bf2cadb/57f9fbf4N8e47c225.jpg!q70.jpg.webp(String)
04:29:15:225 DEBUG 32188 --- [http-nio-8085-exec-4] com.hmall.api.client.CartClient          : [CartClient#deleteCartItemByIds] ---> DELETE http://cart-service/carts?ids=546872 HTTP/1.1
04:29:15:225 DEBUG 32188 --- [http-nio-8085-exec-4] com.hmall.api.client.CartClient          : [CartClient#deleteCartItemByIds] userInfo: 1
04:29:15:225 DEBUG 32188 --- [http-nio-8085-exec-4] com.hmall.api.client.CartClient          : [CartClient#deleteCartItemByIds] ---> END HTTP (0-byte body)
04:29:15:265 DEBUG 32188 --- [http-nio-8085-exec-1] com.hmall.api.client.CartClient          : [CartClient#deleteCartItemByIds] <--- HTTP/1.1 200 (678ms)
04:29:15:266 DEBUG 32188 --- [http-nio-8085-exec-1] com.hmall.api.client.CartClient          : [CartClient#deleteCartItemByIds] connection: keep-alive
04:29:15:266 DEBUG 32188 --- [http-nio-8085-exec-1] com.hmall.api.client.CartClient          : [CartClient#deleteCartItemByIds] content-length: 0
04:29:15:267 DEBUG 32188 --- [http-nio-8085-exec-4] com.hmall.api.client.CartClient          : [CartClient#deleteCartItemByIds] <--- HTTP/1.1 200 (41ms)
04:29:15:267 DEBUG 32188 --- [http-nio-8085-exec-1] com.hmall.api.client.CartClient          : [CartClient#deleteCartItemByIds] date: Thu, 22 Aug 2024 20:29:15 GMT
04:29:15:268 DEBUG 32188 --- [http-nio-8085-exec-4] com.hmall.api.client.CartClient          : [CartClient#deleteCartItemByIds] connection: keep-alive
04:29:15:268 DEBUG 32188 --- [http-nio-8085-exec-1] com.hmall.api.client.CartClient          : [CartClient#deleteCartItemByIds] keep-alive: timeout=60
04:29:15:268 DEBUG 32188 --- [http-nio-8085-exec-4] com.hmall.api.client.CartClient          : [CartClient#deleteCartItemByIds] content-length: 0
04:29:15:268 DEBUG 32188 --- [http-nio-8085-exec-1] com.hmall.api.client.CartClient          : [CartClient#deleteCartItemByIds] 
04:29:15:268 DEBUG 32188 --- [http-nio-8085-exec-4] com.hmall.api.client.CartClient          : [CartClient#deleteCartItemByIds] date: Thu, 22 Aug 2024 20:29:15 GMT
04:29:15:268 DEBUG 32188 --- [http-nio-8085-exec-1] com.hmall.api.client.CartClient          : [CartClient#deleteCartItemByIds] <--- END HTTP (0-byte body)
04:29:15:268 DEBUG 32188 --- [http-nio-8085-exec-4] com.hmall.api.client.CartClient          : [CartClient#deleteCartItemByIds] keep-alive: timeout=60
04:29:15:268 DEBUG 32188 --- [http-nio-8085-exec-4] com.hmall.api.client.CartClient          : [CartClient#deleteCartItemByIds] 
04:29:15:268 DEBUG 32188 --- [http-nio-8085-exec-4] com.hmall.api.client.CartClient          : [CartClient#deleteCartItemByIds] <--- END HTTP (0-byte body)
04:29:15:295 DEBUG 32188 --- [http-nio-8085-exec-1] com.hmall.api.client.ItemClient          : [ItemClient#deductStock] ---> PUT http://item-service/items/stock/deduct HTTP/1.1
04:29:15:295 DEBUG 32188 --- [http-nio-8085-exec-4] com.hmall.api.client.ItemClient          : [ItemClient#deductStock] ---> PUT http://item-service/items/stock/deduct HTTP/1.1
04:29:15:296 DEBUG 32188 --- [http-nio-8085-exec-1] com.hmall.api.client.ItemClient          : [ItemClient#deductStock] Content-Length: 29
04:29:15:296 DEBUG 32188 --- [http-nio-8085-exec-1] com.hmall.api.client.ItemClient          : [ItemClient#deductStock] Content-Type: application/json
04:29:15:296 DEBUG 32188 --- [http-nio-8085-exec-1] com.hmall.api.client.ItemClient          : [ItemClient#deductStock] userInfo: 1
04:29:15:296 DEBUG 32188 --- [http-nio-8085-exec-1] com.hmall.api.client.ItemClient          : [ItemClient#deductStock] 
04:29:15:296 DEBUG 32188 --- [http-nio-8085-exec-4] com.hmall.api.client.ItemClient          : [ItemClient#deductStock] Content-Length: 29
04:29:15:297 DEBUG 32188 --- [http-nio-8085-exec-4] com.hmall.api.client.ItemClient          : [ItemClient#deductStock] Content-Type: application/json
04:29:15:297 DEBUG 32188 --- [http-nio-8085-exec-4] com.hmall.api.client.ItemClient          : [ItemClient#deductStock] userInfo: 1
04:29:15:297 DEBUG 32188 --- [http-nio-8085-exec-4] com.hmall.api.client.ItemClient          : [ItemClient#deductStock] 
04:29:15:297 DEBUG 32188 --- [http-nio-8085-exec-4] com.hmall.api.client.ItemClient          : [ItemClient#deductStock] [{"itemId":"546872","num":2}]
04:29:15:299 DEBUG 32188 --- [http-nio-8085-exec-4] com.hmall.api.client.ItemClient          : [ItemClient#deductStock] ---> END HTTP (29-byte body)
04:29:15:296 DEBUG 32188 --- [http-nio-8085-exec-1] com.hmall.api.client.ItemClient          : [ItemClient#deductStock] [{"itemId":"546872","num":2}]
04:29:15:299 DEBUG 32188 --- [http-nio-8085-exec-1] com.hmall.api.client.ItemClient          : [ItemClient#deductStock] ---> END HTTP (29-byte body)
04:29:15:821 DEBUG 32188 --- [http-nio-8085-exec-1] com.hmall.api.client.ItemClient          : [ItemClient#deductStock] <--- HTTP/1.1 200 (521ms)
04:29:15:821 DEBUG 32188 --- [http-nio-8085-exec-1] com.hmall.api.client.ItemClient          : [ItemClient#deductStock] connection: keep-alive
04:29:15:822 DEBUG 32188 --- [http-nio-8085-exec-1] com.hmall.api.client.ItemClient          : [ItemClient#deductStock] content-length: 0
04:29:15:822 DEBUG 32188 --- [http-nio-8085-exec-1] com.hmall.api.client.ItemClient          : [ItemClient#deductStock] date: Thu, 22 Aug 2024 20:29:15 GMT
04:29:15:822 DEBUG 32188 --- [http-nio-8085-exec-1] com.hmall.api.client.ItemClient          : [ItemClient#deductStock] keep-alive: timeout=60
04:29:15:822 DEBUG 32188 --- [http-nio-8085-exec-1] com.hmall.api.client.ItemClient          : [ItemClient#deductStock] 
04:29:15:822 DEBUG 32188 --- [http-nio-8085-exec-1] com.hmall.api.client.ItemClient          : [ItemClient#deductStock] <--- END HTTP (0-byte body)
04:29:16:023  INFO 32188 --- [http-nio-8085-exec-1] i.seata.tm.api.DefaultGlobalTransaction  : Suspending current transaction, xid = 192.168.174.136:8099:63606294167322625
04:29:16:024  INFO 32188 --- [http-nio-8085-exec-1] i.seata.tm.api.DefaultGlobalTransaction  : [192.168.174.136:8099:63606294167322625] commit status: Committed
04:29:16:131 DEBUG 32188 --- [http-nio-8085-exec-4] com.hmall.api.client.ItemClient          : [ItemClient#deductStock] <--- HTTP/1.1 200 (832ms)
04:29:16:132 DEBUG 32188 --- [http-nio-8085-exec-4] com.hmall.api.client.ItemClient          : [ItemClient#deductStock] connection: keep-alive
04:29:16:132 DEBUG 32188 --- [http-nio-8085-exec-4] com.hmall.api.client.ItemClient          : [ItemClient#deductStock] content-length: 0
04:29:16:132 DEBUG 32188 --- [http-nio-8085-exec-4] com.hmall.api.client.ItemClient          : [ItemClient#deductStock] date: Thu, 22 Aug 2024 20:29:16 GMT
04:29:16:132 DEBUG 32188 --- [http-nio-8085-exec-4] com.hmall.api.client.ItemClient          : [ItemClient#deductStock] keep-alive: timeout=60
04:29:16:132 DEBUG 32188 --- [http-nio-8085-exec-4] com.hmall.api.client.ItemClient          : [ItemClient#deductStock] 
04:29:16:132 DEBUG 32188 --- [http-nio-8085-exec-4] com.hmall.api.client.ItemClient          : [ItemClient#deductStock] <--- END HTTP (0-byte body)
04:29:16:266  INFO 32188 --- [http-nio-8085-exec-4] i.seata.tm.api.DefaultGlobalTransaction  : Suspending current transaction, xid = 192.168.174.136:8099:63606294167322631
04:29:16:266  INFO 32188 --- [http-nio-8085-exec-4] i.seata.tm.api.DefaultGlobalTransaction  : [192.168.174.136:8099:63606294167322631] commit status: Committed
04:29:16:969  INFO 32188 --- [rpcDispatch_RMROLE_1_1_24] i.s.c.r.p.c.RmBranchCommitProcessor      : rm client handle branch commit process:xid=192.168.174.136:8099:63606294167322625,branchId=63606294167322630,branchType=AT,resourceId=jdbc:mysql://192.168.174.136:3306/hm-trade,applicationData={"skipCheckLock":true}
04:29:16:969  INFO 32188 --- [rpcDispatch_RMROLE_1_2_24] i.s.c.r.p.c.RmBranchCommitProcessor      : rm client handle branch commit process:xid=192.168.174.136:8099:63606294167322631,branchId=63606294167322637,branchType=AT,resourceId=jdbc:mysql://192.168.174.136:3306/hm-trade,applicationData={"skipCheckLock":true}
04:29:16:972  INFO 32188 --- [rpcDispatch_RMROLE_1_1_24] io.seata.rm.AbstractRMHandler            : Branch committing: 192.168.174.136:8099:63606294167322625 63606294167322630 jdbc:mysql://192.168.174.136:3306/hm-trade {"skipCheckLock":true}
04:29:16:972  INFO 32188 --- [rpcDispatch_RMROLE_1_2_24] io.seata.rm.AbstractRMHandler            : Branch committing: 192.168.174.136:8099:63606294167322631 63606294167322637 jdbc:mysql://192.168.174.136:3306/hm-trade {"skipCheckLock":true}
04:29:16:975  INFO 32188 --- [rpcDispatch_RMROLE_1_2_24] io.seata.rm.AbstractRMHandler            : Branch commit result: PhaseTwo_Committed
04:29:16:975  INFO 32188 --- [rpcDispatch_RMROLE_1_1_24] io.seata.rm.AbstractRMHandler            : Branch commit result: PhaseTwo_Committed
04:29:17:002  INFO 32188 --- [rpcDispatch_RMROLE_1_3_24] i.s.c.r.p.c.RmBranchCommitProcessor      : rm client handle branch commit process:xid=192.168.174.136:8099:63606294167322631,branchId=63606294167322641,branchType=AT,resourceId=jdbc:mysql://192.168.174.136:3306/hm-trade,applicationData={"autoCommit":false,"skipCheckLock":true}
04:29:17:002  INFO 32188 --- [rpcDispatch_RMROLE_1_3_24] io.seata.rm.AbstractRMHandler            : Branch committing: 192.168.174.136:8099:63606294167322631 63606294167322641 jdbc:mysql://192.168.174.136:3306/hm-trade {"autoCommit":false,"skipCheckLock":true}
04:29:17:002  INFO 32188 --- [rpcDispatch_RMROLE_1_3_24] io.seata.rm.AbstractRMHandler            : Branch commit result: PhaseTwo_Committed
04:29:17:006  INFO 32188 --- [rpcDispatch_RMROLE_1_4_24] i.s.c.r.p.c.RmBranchCommitProcessor      : rm client handle branch commit process:xid=192.168.174.136:8099:63606294167322625,branchId=63606294167322633,branchType=AT,resourceId=jdbc:mysql://192.168.174.136:3306/hm-trade,applicationData={"autoCommit":false,"skipCheckLock":true}
04:29:17:007  INFO 32188 --- [rpcDispatch_RMROLE_1_4_24] io.seata.rm.AbstractRMHandler            : Branch committing: 192.168.174.136:8099:63606294167322625 63606294167322633 jdbc:mysql://192.168.174.136:3306/hm-trade {"autoCommit":false,"skipCheckLock":true}
04:29:17:007  INFO 32188 --- [rpcDispatch_RMROLE_1_4_24] io.seata.rm.AbstractRMHandler            : Branch commit result: PhaseTwo_Committed
04:29:26:105 DEBUG 32188 --- [org.springframework.amqp.rabbit.RabbitListenerEndpointContainer#0-1] c.h.trade.mapper.OrderMapper.selectById  : ==>  Preparing: SELECT id,total_fee,payment_type,user_id,status,create_time,pay_time,consign_time,end_time,close_time,comment_time,update_time FROM `order` WHERE id=?
04:29:26:107 DEBUG 32188 --- [org.springframework.amqp.rabbit.RabbitListenerEndpointContainer#0-1] c.h.trade.mapper.OrderMapper.selectById  : ==> Parameters: 1826718288261918721(Long)
04:29:26:202 DEBUG 32188 --- [org.springframework.amqp.rabbit.RabbitListenerEndpointContainer#0-1] c.h.trade.mapper.OrderMapper.selectById  : <==      Total: 1
04:29:26:208 DEBUG 32188 --- [org.springframework.amqp.rabbit.RabbitListenerEndpointContainer#0-1] com.hmall.api.client.PayClient           : [PayClient#queryPayOrderByBizOrderNo] ---> GET http://pay-service/pay-orders/biz/1826718288261918721 HTTP/1.1
04:29:26:209 DEBUG 32188 --- [org.springframework.amqp.rabbit.RabbitListenerEndpointContainer#0-1] com.hmall.api.client.PayClient           : [PayClient#queryPayOrderByBizOrderNo] ---> END HTTP (0-byte body)
04:29:26:844  INFO 32188 --- [nacos-grpc-client-executor-4439] com.alibaba.nacos.common.remote.client   : [8ad3db3c-1397-423b-a0f1-9ba1fc0d5c6a] Receive server push request, request = NotifySubscriberRequest, requestId = 296
04:29:26:845  INFO 32188 --- [nacos-grpc-client-executor-4439] com.alibaba.nacos.common.remote.client   : [8ad3db3c-1397-423b-a0f1-9ba1fc0d5c6a] Ack server push request, request = NotifySubscriberRequest, requestId = 296
04:29:29:492 DEBUG 32188 --- [org.springframework.amqp.rabbit.RabbitListenerEndpointContainer#0-1] com.hmall.api.client.PayClient           : [PayClient#queryPayOrderByBizOrderNo] <--- HTTP/1.1 200 (3282ms)
04:29:29:493 DEBUG 32188 --- [org.springframework.amqp.rabbit.RabbitListenerEndpointContainer#0-1] com.hmall.api.client.PayClient           : [PayClient#queryPayOrderByBizOrderNo] connection: keep-alive
04:29:29:493 DEBUG 32188 --- [org.springframework.amqp.rabbit.RabbitListenerEndpointContainer#0-1] com.hmall.api.client.PayClient           : [PayClient#queryPayOrderByBizOrderNo] content-length: 0
04:29:29:493 DEBUG 32188 --- [org.springframework.amqp.rabbit.RabbitListenerEndpointContainer#0-1] com.hmall.api.client.PayClient           : [PayClient#queryPayOrderByBizOrderNo] date: Thu, 22 Aug 2024 20:29:29 GMT
04:29:29:493 DEBUG 32188 --- [org.springframework.amqp.rabbit.RabbitListenerEndpointContainer#0-1] com.hmall.api.client.PayClient           : [PayClient#queryPayOrderByBizOrderNo] keep-alive: timeout=60
04:29:29:493 DEBUG 32188 --- [org.springframework.amqp.rabbit.RabbitListenerEndpointContainer#0-1] com.hmall.api.client.PayClient           : [PayClient#queryPayOrderByBizOrderNo] 
04:29:29:495 DEBUG 32188 --- [org.springframework.amqp.rabbit.RabbitListenerEndpointContainer#0-1] com.hmall.api.client.PayClient           : [PayClient#queryPayOrderByBizOrderNo] <--- END HTTP (0-byte body)
04:29:29:505 DEBUG 32188 --- [org.springframework.amqp.rabbit.RabbitListenerEndpointContainer#0-1] c.h.trade.mapper.OrderMapper.selectById  : ==>  Preparing: SELECT id,total_fee,payment_type,user_id,status,create_time,pay_time,consign_time,end_time,close_time,comment_time,update_time FROM `order` WHERE id=?
04:29:29:505 DEBUG 32188 --- [org.springframework.amqp.rabbit.RabbitListenerEndpointContainer#0-1] c.h.trade.mapper.OrderMapper.selectById  : ==> Parameters: 1826718295501287426(Long)
04:29:29:508 DEBUG 32188 --- [org.springframework.amqp.rabbit.RabbitListenerEndpointContainer#0-1] c.h.trade.mapper.OrderMapper.selectById  : <==      Total: 1
04:29:29:509 DEBUG 32188 --- [org.springframework.amqp.rabbit.RabbitListenerEndpointContainer#0-1] com.hmall.api.client.PayClient           : [PayClient#queryPayOrderByBizOrderNo] ---> GET http://pay-service/pay-orders/biz/1826718295501287426 HTTP/1.1
04:29:29:509 DEBUG 32188 --- [org.springframework.amqp.rabbit.RabbitListenerEndpointContainer#0-1] com.hmall.api.client.PayClient           : [PayClient#queryPayOrderByBizOrderNo] ---> END HTTP (0-byte body)
04:29:29:537 DEBUG 32188 --- [org.springframework.amqp.rabbit.RabbitListenerEndpointContainer#0-1] com.hmall.api.client.PayClient           : [PayClient#queryPayOrderByBizOrderNo] <--- HTTP/1.1 200 (26ms)
04:29:29:542 DEBUG 32188 --- [org.springframework.amqp.rabbit.RabbitListenerEndpointContainer#0-1] com.hmall.api.client.PayClient           : [PayClient#queryPayOrderByBizOrderNo] connection: keep-alive
04:29:29:542 DEBUG 32188 --- [org.springframework.amqp.rabbit.RabbitListenerEndpointContainer#0-1] com.hmall.api.client.PayClient           : [PayClient#queryPayOrderByBizOrderNo] content-length: 0
04:29:29:542 DEBUG 32188 --- [org.springframework.amqp.rabbit.RabbitListenerEndpointContainer#0-1] com.hmall.api.client.PayClient           : [PayClient#queryPayOrderByBizOrderNo] date: Thu, 22 Aug 2024 20:29:29 GMT
04:29:29:542 DEBUG 32188 --- [org.springframework.amqp.rabbit.RabbitListenerEndpointContainer#0-1] com.hmall.api.client.PayClient           : [PayClient#queryPayOrderByBizOrderNo] keep-alive: timeout=60
04:29:29:543 DEBUG 32188 --- [org.springframework.amqp.rabbit.RabbitListenerEndpointContainer#0-1] com.hmall.api.client.PayClient           : [PayClient#queryPayOrderByBizOrderNo] 
04:29:29:543 DEBUG 32188 --- [org.springframework.amqp.rabbit.RabbitListenerEndpointContainer#0-1] com.hmall.api.client.PayClient           : [PayClient#queryPayOrderByBizOrderNo] <--- END HTTP (0-byte body)
04:30:07:940  INFO 32188 --- [http-nio-8085-exec-7] i.seata.tm.api.DefaultGlobalTransaction  : Begin new global transaction [192.168.174.136:8099:63606294167322658]
04:30:07:941 DEBUG 32188 --- [http-nio-8085-exec-7] com.hmall.api.client.ItemClient          : [ItemClient#queryItemByIds] ---> GET http://item-service/items?ids=546872 HTTP/1.1
04:30:07:941 DEBUG 32188 --- [http-nio-8085-exec-7] com.hmall.api.client.ItemClient          : [ItemClient#queryItemByIds] userInfo: 1
04:30:07:941 DEBUG 32188 --- [http-nio-8085-exec-7] com.hmall.api.client.ItemClient          : [ItemClient#queryItemByIds] ---> END HTTP (0-byte body)
04:30:08:460 DEBUG 32188 --- [http-nio-8085-exec-7] com.hmall.api.client.ItemClient          : [ItemClient#queryItemByIds] <--- HTTP/1.1 200 (517ms)
04:30:08:460 DEBUG 32188 --- [http-nio-8085-exec-7] com.hmall.api.client.ItemClient          : [ItemClient#queryItemByIds] connection: keep-alive
04:30:08:460 DEBUG 32188 --- [http-nio-8085-exec-7] com.hmall.api.client.ItemClient          : [ItemClient#queryItemByIds] content-type: application/json
04:30:08:460 DEBUG 32188 --- [http-nio-8085-exec-7] com.hmall.api.client.ItemClient          : [ItemClient#queryItemByIds] date: Thu, 22 Aug 2024 20:30:08 GMT
04:30:08:460 DEBUG 32188 --- [http-nio-8085-exec-7] com.hmall.api.client.ItemClient          : [ItemClient#queryItemByIds] keep-alive: timeout=60
04:30:08:460 DEBUG 32188 --- [http-nio-8085-exec-7] com.hmall.api.client.ItemClient          : [ItemClient#queryItemByIds] transfer-encoding: chunked
04:30:08:460 DEBUG 32188 --- [http-nio-8085-exec-7] com.hmall.api.client.ItemClient          : [ItemClient#queryItemByIds] 
04:30:08:460 DEBUG 32188 --- [http-nio-8085-exec-7] com.hmall.api.client.ItemClient          : [ItemClient#queryItemByIds] [{"id":"546872","name":"博兿（BOYI）拉杆包男23英寸大容量旅行包户外手提休闲拉杆袋 BY09186黑灰色","price":27500,"stock":9996,"image":"https://m.360buyimg.com/mobilecms/s720x720_jfs/t3301/221/3887995271/90563/bf2cadb/57f9fbf4N8e47c225.jpg!q70.jpg.webp","category":"拉杆箱","brand":"博兿","spec":"{\"颜色\": \"黑色\"}","sold":0,"commentCount":0,"isAD":false,"status":1}]
04:30:08:461 DEBUG 32188 --- [http-nio-8085-exec-7] com.hmall.api.client.ItemClient          : [ItemClient#queryItemByIds] <--- END HTTP (403-byte body)
04:30:08:462 DEBUG 32188 --- [http-nio-8085-exec-7] c.hmall.trade.mapper.OrderMapper.insert  : ==>  Preparing: INSERT INTO `order` ( id, total_fee, payment_type, user_id, status ) VALUES ( ?, ?, ?, ?, ? )
04:30:08:463 DEBUG 32188 --- [http-nio-8085-exec-7] c.hmall.trade.mapper.OrderMapper.insert  : ==> Parameters: 1826718519321931777(Long), 55000(Integer), 3(Integer), 1(Long), 1(Integer)
04:30:08:494 DEBUG 32188 --- [http-nio-8085-exec-7] c.hmall.trade.mapper.OrderMapper.insert  : <==    Updates: 1
04:30:08:496 DEBUG 32188 --- [http-nio-8085-exec-7] c.h.t.mapper.OrderDetailMapper.insert    : ==>  Preparing: INSERT INTO order_detail ( order_id, item_id, num, name, spec, price, image ) VALUES ( ?, ?, ?, ?, ?, ?, ? )
04:30:08:496 DEBUG 32188 --- [http-nio-8085-exec-7] c.h.t.mapper.OrderDetailMapper.insert    : ==> Parameters: 1826718519321931777(Long), 546872(Long), 2(Integer), 博兿（BOYI）拉杆包男23英寸大容量旅行包户外手提休闲拉杆袋 BY09186黑灰色(String), {"颜色": "黑色"}(String), 27500(Integer), https://m.360buyimg.com/mobilecms/s720x720_jfs/t3301/221/3887995271/90563/bf2cadb/57f9fbf4N8e47c225.jpg!q70.jpg.webp(String)
04:30:08:524 DEBUG 32188 --- [http-nio-8085-exec-7] com.hmall.api.client.CartClient          : [CartClient#deleteCartItemByIds] ---> DELETE http://cart-service/carts?ids=546872 HTTP/1.1
04:30:08:525 DEBUG 32188 --- [http-nio-8085-exec-7] com.hmall.api.client.CartClient          : [CartClient#deleteCartItemByIds] userInfo: 1
04:30:08:525 DEBUG 32188 --- [http-nio-8085-exec-7] com.hmall.api.client.CartClient          : [CartClient#deleteCartItemByIds] ---> END HTTP (0-byte body)
04:30:08:541 DEBUG 32188 --- [http-nio-8085-exec-7] com.hmall.api.client.CartClient          : [CartClient#deleteCartItemByIds] <--- HTTP/1.1 200 (16ms)
04:30:08:542 DEBUG 32188 --- [http-nio-8085-exec-7] com.hmall.api.client.CartClient          : [CartClient#deleteCartItemByIds] connection: keep-alive
04:30:08:542 DEBUG 32188 --- [http-nio-8085-exec-7] com.hmall.api.client.CartClient          : [CartClient#deleteCartItemByIds] content-length: 0
04:30:08:542 DEBUG 32188 --- [http-nio-8085-exec-7] com.hmall.api.client.CartClient          : [CartClient#deleteCartItemByIds] date: Thu, 22 Aug 2024 20:30:08 GMT
04:30:08:542 DEBUG 32188 --- [http-nio-8085-exec-7] com.hmall.api.client.CartClient          : [CartClient#deleteCartItemByIds] keep-alive: timeout=60
04:30:08:542 DEBUG 32188 --- [http-nio-8085-exec-7] com.hmall.api.client.CartClient          : [CartClient#deleteCartItemByIds] 
04:30:08:542 DEBUG 32188 --- [http-nio-8085-exec-7] com.hmall.api.client.CartClient          : [CartClient#deleteCartItemByIds] <--- END HTTP (0-byte body)
04:30:08:543 DEBUG 32188 --- [http-nio-8085-exec-7] com.hmall.api.client.ItemClient          : [ItemClient#deductStock] ---> PUT http://item-service/items/stock/deduct HTTP/1.1
04:30:08:543 DEBUG 32188 --- [http-nio-8085-exec-7] com.hmall.api.client.ItemClient          : [ItemClient#deductStock] Content-Length: 29
04:30:08:543 DEBUG 32188 --- [http-nio-8085-exec-7] com.hmall.api.client.ItemClient          : [ItemClient#deductStock] Content-Type: application/json
04:30:08:543 DEBUG 32188 --- [http-nio-8085-exec-7] com.hmall.api.client.ItemClient          : [ItemClient#deductStock] userInfo: 1
04:30:08:543 DEBUG 32188 --- [http-nio-8085-exec-7] com.hmall.api.client.ItemClient          : [ItemClient#deductStock] 
04:30:08:543 DEBUG 32188 --- [http-nio-8085-exec-7] com.hmall.api.client.ItemClient          : [ItemClient#deductStock] [{"itemId":"546872","num":2}]
04:30:08:543 DEBUG 32188 --- [http-nio-8085-exec-7] com.hmall.api.client.ItemClient          : [ItemClient#deductStock] ---> END HTTP (29-byte body)
04:30:08:576 DEBUG 32188 --- [http-nio-8085-exec-7] com.hmall.api.client.ItemClient          : [ItemClient#deductStock] <--- HTTP/1.1 200 (32ms)
04:30:08:576 DEBUG 32188 --- [http-nio-8085-exec-7] com.hmall.api.client.ItemClient          : [ItemClient#deductStock] connection: keep-alive
04:30:08:576 DEBUG 32188 --- [http-nio-8085-exec-7] com.hmall.api.client.ItemClient          : [ItemClient#deductStock] content-length: 0
04:30:08:577 DEBUG 32188 --- [http-nio-8085-exec-7] com.hmall.api.client.ItemClient          : [ItemClient#deductStock] date: Thu, 22 Aug 2024 20:30:08 GMT
04:30:08:577 DEBUG 32188 --- [http-nio-8085-exec-7] com.hmall.api.client.ItemClient          : [ItemClient#deductStock] keep-alive: timeout=60
04:30:08:577 DEBUG 32188 --- [http-nio-8085-exec-7] com.hmall.api.client.ItemClient          : [ItemClient#deductStock] 
04:30:08:577 DEBUG 32188 --- [http-nio-8085-exec-7] com.hmall.api.client.ItemClient          : [ItemClient#deductStock] <--- END HTTP (0-byte body)
04:30:08:600  INFO 32188 --- [http-nio-8085-exec-7] i.seata.tm.api.DefaultGlobalTransaction  : Suspending current transaction, xid = 192.168.174.136:8099:63606294167322658
04:30:08:600  INFO 32188 --- [http-nio-8085-exec-7] i.seata.tm.api.DefaultGlobalTransaction  : [192.168.174.136:8099:63606294167322658] commit status: Committed
04:30:08:911  INFO 32188 --- [rpcDispatch_RMROLE_1_5_24] i.s.c.r.p.c.RmBranchCommitProcessor      : rm client handle branch commit process:xid=192.168.174.136:8099:63606294167322658,branchId=63606294167322660,branchType=AT,resourceId=jdbc:mysql://192.168.174.136:3306/hm-trade,applicationData={"skipCheckLock":true}
04:30:08:911  INFO 32188 --- [rpcDispatch_RMROLE_1_5_24] io.seata.rm.AbstractRMHandler            : Branch committing: 192.168.174.136:8099:63606294167322658 63606294167322660 jdbc:mysql://192.168.174.136:3306/hm-trade {"skipCheckLock":true}
04:30:08:911  INFO 32188 --- [rpcDispatch_RMROLE_1_5_24] io.seata.rm.AbstractRMHandler            : Branch commit result: PhaseTwo_Committed
04:30:08:922  INFO 32188 --- [rpcDispatch_RMROLE_1_6_24] i.s.c.r.p.c.RmBranchCommitProcessor      : rm client handle branch commit process:xid=192.168.174.136:8099:63606294167322658,branchId=63606294167322662,branchType=AT,resourceId=jdbc:mysql://192.168.174.136:3306/hm-trade,applicationData={"autoCommit":false,"skipCheckLock":true}
04:30:08:922  INFO 32188 --- [rpcDispatch_RMROLE_1_6_24] io.seata.rm.AbstractRMHandler            : Branch committing: 192.168.174.136:8099:63606294167322658 63606294167322662 jdbc:mysql://192.168.174.136:3306/hm-trade {"autoCommit":false,"skipCheckLock":true}
04:30:08:922  INFO 32188 --- [rpcDispatch_RMROLE_1_6_24] io.seata.rm.AbstractRMHandler            : Branch commit result: PhaseTwo_Committed
04:30:09:145 DEBUG 32188 --- [http-nio-8085-exec-2] c.h.trade.mapper.OrderMapper.selectById  : ==>  Preparing: SELECT id,total_fee,payment_type,user_id,status,create_time,pay_time,consign_time,end_time,close_time,comment_time,update_time FROM `order` WHERE id=?
04:30:09:146 DEBUG 32188 --- [http-nio-8085-exec-2] c.h.trade.mapper.OrderMapper.selectById  : ==> Parameters: 1826718519321931777(Long)
04:30:09:150 DEBUG 32188 --- [http-nio-8085-exec-2] c.h.trade.mapper.OrderMapper.selectById  : <==      Total: 1
04:30:18:581 DEBUG 32188 --- [org.springframework.amqp.rabbit.RabbitListenerEndpointContainer#0-1] c.h.trade.mapper.OrderMapper.selectById  : ==>  Preparing: SELECT id,total_fee,payment_type,user_id,status,create_time,pay_time,consign_time,end_time,close_time,comment_time,update_time FROM `order` WHERE id=?
04:30:18:582 DEBUG 32188 --- [org.springframework.amqp.rabbit.RabbitListenerEndpointContainer#0-1] c.h.trade.mapper.OrderMapper.selectById  : ==> Parameters: 1826718519321931777(Long)
04:30:18:584 DEBUG 32188 --- [org.springframework.amqp.rabbit.RabbitListenerEndpointContainer#0-1] c.h.trade.mapper.OrderMapper.selectById  : <==      Total: 1
04:30:18:586 DEBUG 32188 --- [org.springframework.amqp.rabbit.RabbitListenerEndpointContainer#0-1] com.hmall.api.client.PayClient           : [PayClient#queryPayOrderByBizOrderNo] ---> GET http://pay-service/pay-orders/biz/1826718519321931777 HTTP/1.1
04:30:18:587 DEBUG 32188 --- [org.springframework.amqp.rabbit.RabbitListenerEndpointContainer#0-1] com.hmall.api.client.PayClient           : [PayClient#queryPayOrderByBizOrderNo] ---> END HTTP (0-byte body)
04:30:18:625 DEBUG 32188 --- [org.springframework.amqp.rabbit.RabbitListenerEndpointContainer#0-1] com.hmall.api.client.PayClient           : [PayClient#queryPayOrderByBizOrderNo] <--- HTTP/1.1 200 (37ms)
04:30:18:625 DEBUG 32188 --- [org.springframework.amqp.rabbit.RabbitListenerEndpointContainer#0-1] com.hmall.api.client.PayClient           : [PayClient#queryPayOrderByBizOrderNo] connection: keep-alive
04:30:18:625 DEBUG 32188 --- [org.springframework.amqp.rabbit.RabbitListenerEndpointContainer#0-1] com.hmall.api.client.PayClient           : [PayClient#queryPayOrderByBizOrderNo] content-type: application/json
04:30:18:625 DEBUG 32188 --- [org.springframework.amqp.rabbit.RabbitListenerEndpointContainer#0-1] com.hmall.api.client.PayClient           : [PayClient#queryPayOrderByBizOrderNo] date: Thu, 22 Aug 2024 20:30:18 GMT
04:30:18:625 DEBUG 32188 --- [org.springframework.amqp.rabbit.RabbitListenerEndpointContainer#0-1] com.hmall.api.client.PayClient           : [PayClient#queryPayOrderByBizOrderNo] keep-alive: timeout=60
04:30:18:625 DEBUG 32188 --- [org.springframework.amqp.rabbit.RabbitListenerEndpointContainer#0-1] com.hmall.api.client.PayClient           : [PayClient#queryPayOrderByBizOrderNo] transfer-encoding: chunked
04:30:18:625 DEBUG 32188 --- [org.springframework.amqp.rabbit.RabbitListenerEndpointContainer#0-1] com.hmall.api.client.PayClient           : [PayClient#queryPayOrderByBizOrderNo] 
04:30:18:625 DEBUG 32188 --- [org.springframework.amqp.rabbit.RabbitListenerEndpointContainer#0-1] com.hmall.api.client.PayClient           : [PayClient#queryPayOrderByBizOrderNo] {"id":"1826718523998593026","bizOrderNo":"1826718519321931777","payOrderNo":"1826718523981815810","bizUserId":"1","payChannelCode":"balance","amount":55000,"payType":5,"status":1,"expandJson":"","resultCode":"","resultMsg":"","paySuccessTime":null,"payOverTime":"2024-08-23T06:30:10","qrCodeUrl":null,"createTime":"2024-08-23T04:30:09","updateTime":"2024-08-23T04:30:09"}
04:30:18:625 DEBUG 32188 --- [org.springframework.amqp.rabbit.RabbitListenerEndpointContainer#0-1] com.hmall.api.client.PayClient           : [PayClient#queryPayOrderByBizOrderNo] <--- END HTTP (371-byte body)
04:32:31:906 DEBUG 32188 --- [org.springframework.amqp.rabbit.RabbitListenerEndpointContainer#1-1] c.h.trade.mapper.OrderMapper.selectById  : ==>  Preparing: SELECT id,total_fee,payment_type,user_id,status,create_time,pay_time,consign_time,end_time,close_time,comment_time,update_time FROM `order` WHERE id=?
04:32:31:906 DEBUG 32188 --- [org.springframework.amqp.rabbit.RabbitListenerEndpointContainer#1-1] c.h.trade.mapper.OrderMapper.selectById  : ==> Parameters: 1826718519321931777(Long)
04:32:31:909 DEBUG 32188 --- [org.springframework.amqp.rabbit.RabbitListenerEndpointContainer#1-1] c.h.trade.mapper.OrderMapper.selectById  : <==      Total: 1
04:32:31:946 DEBUG 32188 --- [org.springframework.amqp.rabbit.RabbitListenerEndpointContainer#1-1] c.h.trade.mapper.OrderMapper.updateById  : ==>  Preparing: UPDATE `order` SET status=?, pay_time=? WHERE id=?
04:32:31:968 DEBUG 32188 --- [org.springframework.amqp.rabbit.RabbitListenerEndpointContainer#1-1] c.h.trade.mapper.OrderMapper.updateById  : ==> Parameters: 2(Integer), 2024-08-23T04:32:31.912564300(LocalDateTime), 1826718519321931777(Long)
04:32:31:971 DEBUG 32188 --- [org.springframework.amqp.rabbit.RabbitListenerEndpointContainer#1-1] c.h.trade.mapper.OrderMapper.updateById  : <==    Updates: 1
04:32:32:171 DEBUG 32188 --- [http-nio-8085-exec-6] c.h.trade.mapper.OrderMapper.selectById  : ==>  Preparing: SELECT id,total_fee,payment_type,user_id,status,create_time,pay_time,consign_time,end_time,close_time,comment_time,update_time FROM `order` WHERE id=?
04:32:32:171 DEBUG 32188 --- [http-nio-8085-exec-6] c.h.trade.mapper.OrderMapper.selectById  : ==> Parameters: 1826718519321931777(Long)
04:32:32:174 DEBUG 32188 --- [http-nio-8085-exec-6] c.h.trade.mapper.OrderMapper.selectById  : <==      Total: 1
05:58:11:549  INFO 32188 --- [nacos-grpc-client-executor-5568] com.alibaba.nacos.common.remote.client   : [8ad3db3c-1397-423b-a0f1-9ba1fc0d5c6a] Receive server push request, request = NotifySubscriberRequest, requestId = 301
05:58:11:598  INFO 32188 --- [nacos-grpc-client-executor-5568] com.alibaba.nacos.common.remote.client   : [8ad3db3c-1397-423b-a0f1-9ba1fc0d5c6a] Ack server push request, request = NotifySubscriberRequest, requestId = 301
05:58:16:046  INFO 32188 --- [nacos-grpc-client-executor-5569] com.alibaba.nacos.common.remote.client   : [8ad3db3c-1397-423b-a0f1-9ba1fc0d5c6a] Receive server push request, request = NotifySubscriberRequest, requestId = 303
05:58:16:054  INFO 32188 --- [nacos-grpc-client-executor-5569] com.alibaba.nacos.common.remote.client   : [8ad3db3c-1397-423b-a0f1-9ba1fc0d5c6a] Ack server push request, request = NotifySubscriberRequest, requestId = 303
05:58:17:602  WARN 32188 --- [Thread-5] c.a.nacos.common.notify.NotifyCenter     : [NotifyCenter] Start destroying Publisher
05:58:17:603  WARN 32188 --- [Thread-1] c.a.n.common.http.HttpClientBeanHolder   : [HttpClientBeanHolder] Start destroying common HttpClient
05:58:17:606  WARN 32188 --- [Thread-5] c.a.nacos.common.notify.NotifyCenter     : [NotifyCenter] Destruction of the end
05:58:17:619  WARN 32188 --- [Thread-1] c.a.n.common.http.HttpClientBeanHolder   : [HttpClientBeanHolder] Destruction of the end
05:58:17:727  INFO 32188 --- [org.springframework.amqp.rabbit.RabbitListenerEndpointContainer#0-2] o.s.a.r.l.SimpleMessageListenerContainer : Waiting for workers to finish.
05:58:17:731  INFO 32188 --- [org.springframework.amqp.rabbit.RabbitListenerEndpointContainer#1-2] o.s.a.r.l.SimpleMessageListenerContainer : Waiting for workers to finish.
05:58:18:073  INFO 32188 --- [org.springframework.amqp.rabbit.RabbitListenerEndpointContainer#0-2] o.s.a.r.l.SimpleMessageListenerContainer : Successfully waited for workers to finish.
05:58:18:096  INFO 32188 --- [org.springframework.amqp.rabbit.RabbitListenerEndpointContainer#1-2] o.s.a.r.l.SimpleMessageListenerContainer : Successfully waited for workers to finish.
05:58:18:468  INFO 32188 --- [SpringContextShutdownHook] c.a.c.n.registry.NacosServiceRegistry    : De-registering from Nacos Server now...
05:58:18:474  INFO 32188 --- [SpringContextShutdownHook] c.a.c.n.registry.NacosServiceRegistry    : De-registration finished.
05:58:18:812  INFO 32188 --- [SpringContextShutdownHook] com.alibaba.nacos.common.remote.client   : Shutdown rpc client, set status to shutdown
05:58:18:813  INFO 32188 --- [SpringContextShutdownHook] com.alibaba.nacos.common.remote.client   : Shutdown client event executor java.util.concurrent.ScheduledThreadPoolExecutor@3f9039e2[Running, pool size = 2, active threads = 2, queued tasks = 0, completed tasks = 0]
05:58:18:813  INFO 32188 --- [SpringContextShutdownHook] com.alibaba.nacos.common.remote.client   : Close current connection 1724336565493_192.168.174.1_60187
05:58:18:816  INFO 32188 --- [nacos-grpc-client-executor-5575] c.a.n.c.remote.client.grpc.GrpcClient    : [1724336565493_192.168.174.1_60187]Ignore complete event,isRunning:false,isAbandon=false
05:58:18:835  INFO 32188 --- [SpringContextShutdownHook] c.a.n.c.remote.client.grpc.GrpcClient    : Shutdown grpc executor java.util.concurrent.ThreadPoolExecutor@7815de92[Running, pool size = 10, active threads = 0, queued tasks = 0, completed tasks = 5576]
05:58:18:861  INFO 32188 --- [SpringContextShutdownHook] com.zaxxer.hikari.HikariDataSource       : HikariPool-1 - Shutdown initiated...
05:58:18:889  INFO 32188 --- [SpringContextShutdownHook] com.zaxxer.hikari.HikariDataSource       : HikariPool-1 - Shutdown completed.
05:58:18:899  INFO 32188 --- [SpringContextShutdownHook] o.s.a.r.l.SimpleMessageListenerContainer : Shutdown ignored - container is already stopped
05:58:18:900  INFO 32188 --- [SpringContextShutdownHook] o.s.a.r.l.SimpleMessageListenerContainer : Shutdown ignored - container is already stopped
